<?xml version="1.0" encoding="UTF-8"?>
<!-- Generated by org.testng.reporters.JUnitReportReporter -->
<testsuite skipped="0" hostname="DESKTOP-N3LRL61" name="Demo.DemoWebShop" tests="1" failures="0" timestamp="2023-04-17T09:40:35 IST" time="2.547" errors="0">
  <testcase name="login" time="2.547" classname="Demo.DemoWebShop"/>
  <system-out/>
</testsuite> <!-- Demo.DemoWebShop -->
