<?xml version="1.0" encoding="UTF-8"?>
<!-- Generated by org.testng.reporters.JUnitReportReporter -->
<testsuite skipped="0" hostname="DESKTOP-N3LRL61" name="Demo.Demoblaze" tests="1" failures="0" timestamp="2023-04-17T11:00:29 IST" time="10.199" errors="0">
  <testcase name="login" time="10.199" classname="Demo.Demoblaze"/>
  <system-out/>
</testsuite> <!-- Demo.Demoblaze -->
