<?xml version="1.0" encoding="UTF-8"?>
<!-- Generated by org.testng.reporters.JUnitReportReporter -->
<testsuite skipped="0" hostname="DESKTOP-N3LRL61" name="Demo.DemoWebShop" tests="3" failures="0" timestamp="2023-04-17T10:28:00 IST" time="9.253" errors="0">
  <testcase name="login" time="3.244" classname="Demo.DemoWebShop"/>
  <system-out/>
  <testcase name="login" time="2.862" classname="Demo.DemoWebShop"/>
  <system-out/>
  <testcase name="login" time="3.147" classname="Demo.DemoWebShop"/>
  <system-out/>
</testsuite> <!-- Demo.DemoWebShop -->
