<?xml version="1.0" encoding="UTF-8"?>
<!-- Generated by org.testng.reporters.JUnitReportReporter -->
<testsuite skipped="0" hostname="DESKTOP-N3LRL61" name="Day1.DemoRegister" tests="3" failures="0" timestamp="2023-03-29T11:08:15 IST" time="11.539" errors="0">
  <testcase name="Login" time="3.936" classname="Day1.DemoRegister"/>
  <system-out/>
  <testcase name="Login" time="3.863" classname="Day1.DemoRegister"/>
  <system-out/>
  <testcase name="Login" time="3.740" classname="Day1.DemoRegister"/>
  <system-out/>
</testsuite> <!-- Day1.DemoRegister -->
