<?xml version="1.0" encoding="UTF-8"?>
<!-- Generated by org.testng.reporters.JUnitReportReporter -->
<testsuite skipped="0" hostname="DESKTOP-N3LRL61" name="Other.DemoWeb" tests="1" failures="0" timestamp="2023-03-29T18:29:46 IST" time="15.524" errors="0">
  <testcase name="login" time="15.524" classname="Other.DemoWeb"/>
  <system-out/>
</testsuite> <!-- Other.DemoWeb -->
