<?xml version="1.0" encoding="UTF-8"?>
<!-- Generated by org.testng.reporters.JUnitReportReporter -->
<testsuite skipped="0" hostname="DESKTOP-N3LRL61" name="Day1.Demo" tests="2" failures="0" timestamp="2023-03-29T10:33:32 IST" time="24.792" errors="0">
  <testcase name="login" time="16.368" classname="Day1.Demo"/>
  <system-out/>
  <testcase name="login" time="8.424" classname="Day1.Demo"/>
  <system-out/>
</testsuite> <!-- Day1.Demo -->
