<?xml version="1.0" encoding="UTF-8"?>
<!-- Generated by org.testng.reporters.JUnitReportReporter -->
<testsuite skipped="0" hostname="DESKTOP-N3LRL61" name="Log.JpStore" tests="1" failures="0" timestamp="2023-03-31T11:29:27 IST" time="12.222" errors="0">
  <testcase name="login" time="12.222" classname="Log.JpStore"/>
  <system-out/>
</testsuite> <!-- Log.JpStore -->
