<?xml version="1.0" encoding="UTF-8"?>
<!-- Generated by org.testng.reporters.JUnitReportReporter -->
<testsuite skipped="0" hostname="DESKTOP-N3LRL61" name="Day1.Demo2" tests="2" failures="0" timestamp="2023-03-29T11:05:18 IST" time="16.568" errors="0">
  <testcase name="login" time="8.391" classname="Day1.Demo2"/>
  <system-out/>
  <testcase name="login" time="8.177" classname="Day1.Demo2"/>
  <system-out/>
</testsuite> <!-- Day1.Demo2 -->
