<?xml version="1.0" encoding="UTF-8"?>
<!-- Generated by org.testng.reporters.JUnitReportReporter -->
<testsuite skipped="0" hostname="DESKTOP-N3LRL61" name="Day1.Assesion" tests="1" failures="0" timestamp="2023-03-29T11:47:30 IST" time="0.006" errors="0">
  <testcase name="login" time="0.006" classname="Day1.Assesion"/>
  <system-out/>
</testsuite> <!-- Day1.Assesion -->
