<?xml version="1.0" encoding="UTF-8"?>
<!-- Generated by org.testng.reporters.JUnitReportReporter -->
<testsuite skipped="0" hostname="DESKTOP-N3LRL61" name="Log.WithoutTest" tests="2" failures="0" timestamp="2023-04-07T20:31:49 IST" time="136.569" errors="0">
  <testcase name="loginTest" time="31.893" classname="Log.WithoutTest"/>
  <system-out/>
  <testcase name="loginTest" time="104.676" classname="Log.WithoutTest"/>
  <system-out/>
</testsuite> <!-- Log.WithoutTest -->
