<?xml version="1.0" encoding="UTF-8"?>
<!-- Generated by org.testng.reporters.JUnitReportReporter -->
<testsuite skipped="0" hostname="DESKTOP-N3LRL61" name="Other.MutipleWindow" tests="1" failures="0" timestamp="2023-04-08T11:25:42 IST" time="15.446" errors="0">
  <testcase name="login" time="15.446" classname="Other.MutipleWindow"/>
  <system-out/>
</testsuite> <!-- Other.MutipleWindow -->
