<?xml version="1.0" encoding="UTF-8"?>
<!-- Generated by org.testng.reporters.JUnitReportReporter -->
<testsuite skipped="0" hostname="DESKTOP-N3LRL61" name="Other.New1" tests="3" failures="0" timestamp="2023-04-22T18:15:35 IST" time="47.755" errors="0">
  <testcase name="login" time="8.039" classname="Other.New1"/>
  <system-out/>
  <testcase name="rashetty" time="23.602" classname="Other.New1"/>
  <system-out/>
  <testcase name="redbus" time="16.114" classname="Other.New1"/>
  <system-out/>
</testsuite> <!-- Other.New1 -->
