<?xml version="1.0" encoding="UTF-8"?>
<!-- Generated by org.testng.reporters.JUnitReportReporter -->
<testsuite skipped="0" hostname="DESKTOP-N3LRL61" name="Day1.Priority" tests="2" failures="0" timestamp="2023-03-29T11:39:47 IST" time="8.263" errors="0">
  <testcase name="login" time="3.684" classname="Day1.Priority"/>
  <system-out/>
  <testcase name="m1" time="4.579" classname="Day1.Priority"/>
  <system-out/>
</testsuite> <!-- Day1.Priority -->
