<?xml version="1.0" encoding="UTF-8"?>
<!-- Generated by org.testng.reporters.JUnitReportReporter -->
<testsuite skipped="0" hostname="DESKTOP-N3LRL61" name="Day1.Web" tests="5" failures="0" timestamp="2023-04-02T18:40:30 IST" time="74.641" errors="0">
  <testcase name="login" time="40.219" classname="Day1.Web"/>
  <system-out/>
  <testcase name="login" time="18.426" classname="Day1.Web"/>
  <system-out/>
  <testcase name="login" time="4.197" classname="Day1.Web"/>
  <system-out/>
  <testcase name="login" time="7.071" classname="Day1.Web"/>
  <system-out/>
  <testcase name="login" time="4.728" classname="Day1.Web"/>
  <system-out/>
</testsuite> <!-- Day1.Web -->
