<?xml version="1.0" encoding="UTF-8"?>
<!-- Generated by org.testng.reporters.JUnitReportReporter -->
<testsuite skipped="0" hostname="DESKTOP-N3LRL61" name="Other.Xml" tests="2" failures="0" timestamp="2023-04-17T08:13:37 IST" time="15.543" errors="0">
  <testcase name="login" time="2.973" classname="Other.Xml"/>
  <system-out/>
  <testcase name="Login2" time="12.570" classname="Other.Xml"/>
  <system-out/>
</testsuite> <!-- Other.Xml -->
